# JRE version: OpenJDK Runtime Environment (8.0_232-b09) (build 1.8.0_232-b09)
# Java VM: OpenJDK 64-Bit Server VM (25.232-b09 mixed mode windows-amd64 compressed oops)
Heap:
 PSYoungGen      total 278016K, used 160150K [0x000000076b500000, 0x000000077da00000, 0x00000007c0000000)
  eden space 260608K, 56% used [0x000000076b500000,0x000000077445d070,0x000000077b380000)
  from space 17408K, 76% used [0x000000077c600000,0x000000077d308970,0x000000077d700000)
  to   space 18944K, 0% used [0x000000077b380000,0x000000077b380000,0x000000077c600000)
 ParOldGen       total 158208K, used 27827K [0x00000006c1e00000, 0x00000006cb880000, 0x000000076b500000)
  object space 158208K, 17% used [0x00000006c1e00000,0x00000006c392ce90,0x00000006cb880000)
 Metaspace       used 73753K, capacity 80666K, committed 80984K, reserved 1120256K
  class space    used 9626K, capacity 10788K, committed 10880K, reserved 1048576K
GC Heap History (10 events):
Event: 26.951 GC heap before
{Heap before GC invocations=11 (full 2):
 PSYoungGen      total 279552K, used 6996K [0x000000076b500000, 0x000000077da00000, 0x00000007c0000000)
  eden space 260608K, 0% used [0x000000076b500000,0x000000076b500000,0x000000077b380000)
  from space 18944K, 36% used [0x000000077b380000,0x000000077ba553a8,0x000000077c600000)
  to   space 17408K, 0% used [0x000000077c600000,0x000000077c600000,0x000000077d700000)
 ParOldGen       total 97280K, used 13992K [0x00000006c1e00000, 0x00000006c7d00000, 0x000000076b500000)
  object space 97280K, 14% used [0x00000006c1e00000,0x00000006c2baa320,0x00000006c7d00000)
 Metaspace       used 34256K, capacity 35234K, committed 35416K, reserved 1081344K
  class space    used 4165K, capacity 4376K, committed 4480K, reserved 1048576K
Event: 27.006 GC heap after
Heap after GC invocations=11 (full 2):
 PSYoungGen      total 279552K, used 0K [0x000000076b500000, 0x000000077da00000, 0x00000007c0000000)
  eden space 260608K, 0% used [0x000000076b500000,0x000000076b500000,0x000000077b380000)
  from space 18944K, 0% used [0x000000077b380000,0x000000077b380000,0x000000077c600000)
  to   space 17408K, 0% used [0x000000077c600000,0x000000077c600000,0x000000077d700000)
 ParOldGen       total 117760K, used 15858K [0x00000006c1e00000, 0x00000006c9100000, 0x000000076b500000)
  object space 117760K, 13% used [0x00000006c1e00000,0x00000006c2d7cbd0,0x00000006c9100000)
 Metaspace       used 34256K, capacity 35234K, committed 35416K, reserved 1081344K
  class space    used 4165K, capacity 4376K, committed 4480K, reserved 1048576K
}
Event: 33.765 GC heap before
{Heap before GC invocations=12 (full 2):
 PSYoungGen      total 279552K, used 260608K [0x000000076b500000, 0x000000077da00000, 0x00000007c0000000)
  eden space 260608K, 100% used [0x000000076b500000,0x000000077b380000,0x000000077b380000)
  from space 18944K, 0% used [0x000000077b380000,0x000000077b380000,0x000000077c600000)
  to   space 17408K, 0% used [0x000000077c600000,0x000000077c600000,0x000000077d700000)
 ParOldGen       total 117760K, used 15858K [0x00000006c1e00000, 0x00000006c9100000, 0x000000076b500000)
  object space 117760K, 13% used [0x00000006c1e00000,0x00000006c2d7cbd0,0x00000006c9100000)
 Metaspace       used 49877K, capacity 53890K, committed 53976K, reserved 1095680K
  class space    used 6602K, capacity 7353K, committed 7424K, reserved 1048576K
Event: 33.785 GC heap after
Heap after GC invocations=12 (full 2):
 PSYoungGen      total 278016K, used 17378K [0x000000076b500000, 0x000000077da00000, 0x00000007c0000000)
  eden space 260608K, 0% used [0x000000076b500000,0x000000076b500000,0x000000077b380000)
  from space 17408K, 99% used [0x000000077c600000,0x000000077d6f8a00,0x000000077d700000)
  to   space 18944K, 0% used [0x000000077b380000,0x000000077b380000,0x000000077c600000)
 ParOldGen       total 117760K, used 19839K [0x00000006c1e00000, 0x00000006c9100000, 0x000000076b500000)
  object space 117760K, 16% used [0x00000006c1e00000,0x00000006c315fdb8,0x00000006c9100000)
 Metaspace       used 49877K, capacity 53890K, committed 53976K, reserved 1095680K
  class space    used 6602K, capacity 7353K, committed 7424K, reserved 1048576K
}
Event: 35.529 GC heap before
{Heap before GC invocations=13 (full 2):
 PSYoungGen      total 278016K, used 92824K [0x000000076b500000, 0x000000077da00000, 0x00000007c0000000)
  eden space 260608K, 28% used [0x000000076b500000,0x000000076fead840,0x000000077b380000)
  from space 17408K, 99% used [0x000000077c600000,0x000000077d6f8a00,0x000000077d700000)
  to   space 18944K, 0% used [0x000000077b380000,0x000000077b380000,0x000000077c600000)
 ParOldGen       total 117760K, used 19839K [0x00000006c1e00000, 0x00000006c9100000, 0x000000076b500000)
  object space 117760K, 16% used [0x00000006c1e00000,0x00000006c315fdb8,0x00000006c9100000)
 Metaspace       used 54304K, capacity 58858K, committed 58968K, reserved 1099776K
  class space    used 7150K, capacity 7995K, committed 8064K, reserved 1048576K
Event: 35.555 GC heap after
Heap after GC invocations=13 (full 2):
 PSYoungGen      total 279552K, used 5567K [0x000000076b500000, 0x000000077da00000, 0x00000007c0000000)
  eden space 260608K, 0% used [0x000000076b500000,0x000000076b500000,0x000000077b380000)
  from space 18944K, 29% used [0x000000077b380000,0x000000077b8efcf8,0x000000077c600000)
  to   space 17408K, 0% used [0x000000077c600000,0x000000077c600000,0x000000077d700000)
 ParOldGen       total 117760K, used 27907K [0x00000006c1e00000, 0x00000006c9100000, 0x000000076b500000)
  object space 117760K, 23% used [0x00000006c1e00000,0x00000006c3940d40,0x00000006c9100000)
 Metaspace       used 54304K, capacity 58858K, committed 58968K, reserved 1099776K
  class space    used 7150K, capacity 7995K, committed 8064K, reserved 1048576K
}
Event: 35.555 GC heap before
{Heap before GC invocations=14 (full 3):
 PSYoungGen      total 279552K, used 5567K [0x000000076b500000, 0x000000077da00000, 0x00000007c0000000)
  eden space 260608K, 0% used [0x000000076b500000,0x000000076b500000,0x000000077b380000)
  from space 18944K, 29% used [0x000000077b380000,0x000000077b8efcf8,0x000000077c600000)
  to   space 17408K, 0% used [0x000000077c600000,0x000000077c600000,0x000000077d700000)
 ParOldGen       total 117760K, used 27907K [0x00000006c1e00000, 0x00000006c9100000, 0x000000076b500000)
  object space 117760K, 23% used [0x00000006c1e00000,0x00000006c3940d40,0x00000006c9100000)
 Metaspace       used 54304K, capacity 58858K, committed 58968K, reserved 1099776K
  class space    used 7150K, capacity 7995K, committed 8064K, reserved 1048576K
Event: 35.811 GC heap after
Heap after GC invocations=14 (full 3):
 PSYoungGen      total 279552K, used 0K [0x000000076b500000, 0x000000077da00000, 0x00000007c0000000)
  eden space 260608K, 0% used [0x000000076b500000,0x000000076b500000,0x000000077b380000)
  from space 18944K, 0% used [0x000000077b380000,0x000000077b380000,0x000000077c600000)
  to   space 17408K, 0% used [0x000000077c600000,0x000000077c600000,0x000000077d700000)
 ParOldGen       total 158208K, used 27819K [0x00000006c1e00000, 0x00000006cb880000, 0x000000076b500000)
  object space 158208K, 17% used [0x00000006c1e00000,0x00000006c392ae90,0x00000006cb880000)
 Metaspace       used 54304K, capacity 58858K, committed 58968K, reserved 1099776K
  class space    used 7150K, capacity 7995K, committed 8064K, reserved 1048576K
}
Event: 40.978 GC heap before
{Heap before GC invocations=15 (full 3):
 PSYoungGen      total 279552K, used 260608K [0x000000076b500000, 0x000000077da00000, 0x00000007c0000000)
  eden space 260608K, 100% used [0x000000076b500000,0x000000077b380000,0x000000077b380000)
  from space 18944K, 0% used [0x000000077b380000,0x000000077b380000,0x000000077c600000)
  to   space 17408K, 0% used [0x000000077c600000,0x000000077c600000,0x000000077d700000)
 ParOldGen       total 158208K, used 27819K [0x00000006c1e00000, 0x00000006cb880000, 0x000000076b500000)
  object space 158208K, 17% used [0x00000006c1e00000,0x00000006c392ae90,0x00000006cb880000)
 Metaspace       used 62056K, capacity 67726K, committed 68056K, reserved 1107968K
  class space    used 8161K, capacity 9128K, committed 9216K, reserved 1048576K
Event: 40.994 GC heap after
Heap after GC invocations=15 (full 3):
 PSYoungGen      total 278016K, used 13346K [0x000000076b500000, 0x000000077da00000, 0x00000007c0000000)
  eden space 260608K, 0% used [0x000000076b500000,0x000000076b500000,0x000000077b380000)
  from space 17408K, 76% used [0x000000077c600000,0x000000077d308970,0x000000077d700000)
  to   space 18944K, 0% used [0x000000077b380000,0x000000077b380000,0x000000077c600000)
 ParOldGen       total 158208K, used 27827K [0x00000006c1e00000, 0x00000006cb880000, 0x000000076b500000)
  object space 158208K, 17% used [0x00000006c1e00000,0x00000006c392ce90,0x00000006cb880000)
 Metaspace       used 62056K, capacity 67726K, committed 68056K, reserved 1107968K
  class space    used 8161K, capacity 9128K, committed 9216K, reserved 1048576K
}

