# JRE version: OpenJDK Runtime Environment (8.0_232-b09) (build 1.8.0_232-b09)
# Java VM: OpenJDK 64-Bit Server VM (25.232-b09 mixed mode windows-amd64 compressed oops)
Heap:
 PSYoungGen      total 539136K, used 351617K [0x000000076b500000, 0x0000000799080000, 0x00000007c0000000)
  eden space 515584K, 68% used [0x000000076b500000,0x0000000780c607e0,0x000000078ac80000)
  from space 23552K, 0% used [0x0000000797980000,0x0000000797980000,0x0000000799080000)
  to   space 23040K, 0% used [0x000000078ac80000,0x000000078ac80000,0x000000078c300000)
 ParOldGen       total 118784K, used 40006K [0x00000006c1e00000, 0x00000006c9200000, 0x000000076b500000)
  object space 118784K, 33% used [0x00000006c1e00000,0x00000006c4511a20,0x00000006c9200000)
 Metaspace       used 65438K, capacity 71470K, committed 71640K, reserved 1112064K
  class space    used 8623K, capacity 9648K, committed 9728K, reserved 1048576K
GC Heap History (10 events):
Event: 21.733 GC heap before
{Heap before GC invocations=9 (full 1):
 PSYoungGen      total 280576K, used 260033K [0x000000076b500000, 0x000000078da00000, 0x00000007c0000000)
  eden space 260096K, 99% used [0x000000076b500000,0x000000077b2f06a0,0x000000077b300000)
  from space 20480K, 0% used [0x000000077b300000,0x000000077b300000,0x000000077c700000)
  to   space 20992K, 0% used [0x000000078c580000,0x000000078c580000,0x000000078da00000)
 ParOldGen       total 97792K, used 11200K [0x00000006c1e00000, 0x00000006c7d80000, 0x000000076b500000)
  object space 97792K, 11% used [0x00000006c1e00000,0x00000006c28f0248,0x00000006c7d80000)
 Metaspace       used 33361K, capacity 34370K, committed 34560K, reserved 1079296K
  class space    used 4064K, capacity 4278K, committed 4352K, reserved 1048576K
Event: 21.755 GC heap after
Heap after GC invocations=9 (full 1):
 PSYoungGen      total 482304K, used 20390K [0x000000076b500000, 0x000000078d980000, 0x00000007c0000000)
  eden space 461824K, 0% used [0x000000076b500000,0x000000076b500000,0x0000000787800000)
  from space 20480K, 99% used [0x000000078c580000,0x000000078d969888,0x000000078d980000)
  to   space 23040K, 0% used [0x000000078ac80000,0x000000078ac80000,0x000000078c300000)
 ParOldGen       total 97792K, used 11208K [0x00000006c1e00000, 0x00000006c7d80000, 0x000000076b500000)
  object space 97792K, 11% used [0x00000006c1e00000,0x00000006c28f2248,0x00000006c7d80000)
 Metaspace       used 33361K, capacity 34370K, committed 34560K, reserved 1079296K
  class space    used 4064K, capacity 4278K, committed 4352K, reserved 1048576K
}
Event: 21.918 GC heap before
{Heap before GC invocations=10 (full 1):
 PSYoungGen      total 482304K, used 49247K [0x000000076b500000, 0x000000078d980000, 0x00000007c0000000)
  eden space 461824K, 6% used [0x000000076b500000,0x000000076d12e3f0,0x0000000787800000)
  from space 20480K, 99% used [0x000000078c580000,0x000000078d969888,0x000000078d980000)
  to   space 23040K, 0% used [0x000000078ac80000,0x000000078ac80000,0x000000078c300000)
 ParOldGen       total 97792K, used 11208K [0x00000006c1e00000, 0x00000006c7d80000, 0x000000076b500000)
  object space 97792K, 11% used [0x00000006c1e00000,0x00000006c28f2248,0x00000006c7d80000)
 Metaspace       used 34246K, capacity 35238K, committed 35416K, reserved 1081344K
  class space    used 4166K, capacity 4376K, committed 4480K, reserved 1048576K
Event: 21.927 GC heap after
Heap after GC invocations=10 (full 1):
 PSYoungGen      total 538624K, used 7039K [0x000000076b500000, 0x0000000799080000, 0x00000007c0000000)
  eden space 515584K, 0% used [0x000000076b500000,0x000000076b500000,0x000000078ac80000)
  from space 23040K, 30% used [0x000000078ac80000,0x000000078b35ff50,0x000000078c300000)
  to   space 23552K, 0% used [0x0000000797980000,0x0000000797980000,0x0000000799080000)
 ParOldGen       total 97792K, used 11216K [0x00000006c1e00000, 0x00000006c7d80000, 0x000000076b500000)
  object space 97792K, 11% used [0x00000006c1e00000,0x00000006c28f4248,0x00000006c7d80000)
 Metaspace       used 34246K, capacity 35238K, committed 35416K, reserved 1081344K
  class space    used 4166K, capacity 4376K, committed 4480K, reserved 1048576K
}
Event: 21.927 GC heap before
{Heap before GC invocations=11 (full 2):
 PSYoungGen      total 538624K, used 7039K [0x000000076b500000, 0x0000000799080000, 0x00000007c0000000)
  eden space 515584K, 0% used [0x000000076b500000,0x000000076b500000,0x000000078ac80000)
  from space 23040K, 30% used [0x000000078ac80000,0x000000078b35ff50,0x000000078c300000)
  to   space 23552K, 0% used [0x0000000797980000,0x0000000797980000,0x0000000799080000)
 ParOldGen       total 97792K, used 11216K [0x00000006c1e00000, 0x00000006c7d80000, 0x000000076b500000)
  object space 97792K, 11% used [0x00000006c1e00000,0x00000006c28f4248,0x00000006c7d80000)
 Metaspace       used 34246K, capacity 35238K, committed 35416K, reserved 1081344K
  class space    used 4166K, capacity 4376K, committed 4480K, reserved 1048576K
Event: 21.978 GC heap after
Heap after GC invocations=11 (full 2):
 PSYoungGen      total 538624K, used 0K [0x000000076b500000, 0x0000000799080000, 0x00000007c0000000)
  eden space 515584K, 0% used [0x000000076b500000,0x000000076b500000,0x000000078ac80000)
  from space 23040K, 0% used [0x000000078ac80000,0x000000078ac80000,0x000000078c300000)
  to   space 23552K, 0% used [0x0000000797980000,0x0000000797980000,0x0000000799080000)
 ParOldGen       total 118784K, used 15754K [0x00000006c1e00000, 0x00000006c9200000, 0x000000076b500000)
  object space 118784K, 13% used [0x00000006c1e00000,0x00000006c2d62ae0,0x00000006c9200000)
 Metaspace       used 34246K, capacity 35238K, committed 35416K, reserved 1081344K
  class space    used 4166K, capacity 4376K, committed 4480K, reserved 1048576K
}
Event: 29.606 GC heap before
{Heap before GC invocations=12 (full 2):
 PSYoungGen      total 538624K, used 339752K [0x000000076b500000, 0x0000000799080000, 0x00000007c0000000)
  eden space 515584K, 65% used [0x000000076b500000,0x00000007800ca000,0x000000078ac80000)
  from space 23040K, 0% used [0x000000078ac80000,0x000000078ac80000,0x000000078c300000)
  to   space 23552K, 0% used [0x0000000797980000,0x0000000797980000,0x0000000799080000)
 ParOldGen       total 118784K, used 15754K [0x00000006c1e00000, 0x00000006c9200000, 0x000000076b500000)
  object space 118784K, 13% used [0x00000006c1e00000,0x00000006c2d62ae0,0x00000006c9200000)
 Metaspace       used 54297K, capacity 58844K, committed 58968K, reserved 1099776K
  class space    used 7145K, capacity 7990K, committed 8064K, reserved 1048576K
Event: 29.648 GC heap after
Heap after GC invocations=12 (full 2):
 PSYoungGen      total 539136K, used 23536K [0x000000076b500000, 0x0000000799080000, 0x00000007c0000000)
  eden space 515584K, 0% used [0x000000076b500000,0x000000076b500000,0x000000078ac80000)
  from space 23552K, 99% used [0x0000000797980000,0x000000079907c2f0,0x0000000799080000)
  to   space 23040K, 0% used [0x000000078ac80000,0x000000078ac80000,0x000000078c300000)
 ParOldGen       total 118784K, used 18869K [0x00000006c1e00000, 0x00000006c9200000, 0x000000076b500000)
  object space 118784K, 15% used [0x00000006c1e00000,0x00000006c306d788,0x00000006c9200000)
 Metaspace       used 54297K, capacity 58844K, committed 58968K, reserved 1099776K
  class space    used 7145K, capacity 7990K, committed 8064K, reserved 1048576K
}
Event: 29.648 GC heap before
{Heap before GC invocations=13 (full 3):
 PSYoungGen      total 539136K, used 23536K [0x000000076b500000, 0x0000000799080000, 0x00000007c0000000)
  eden space 515584K, 0% used [0x000000076b500000,0x000000076b500000,0x000000078ac80000)
  from space 23552K, 99% used [0x0000000797980000,0x000000079907c2f0,0x0000000799080000)
  to   space 23040K, 0% used [0x000000078ac80000,0x000000078ac80000,0x000000078c300000)
 ParOldGen       total 118784K, used 18869K [0x00000006c1e00000, 0x00000006c9200000, 0x000000076b500000)
  object space 118784K, 15% used [0x00000006c1e00000,0x00000006c306d788,0x00000006c9200000)
 Metaspace       used 54297K, capacity 58844K, committed 58968K, reserved 1099776K
  class space    used 7145K, capacity 7990K, committed 8064K, reserved 1048576K
Event: 29.864 GC heap after
Heap after GC invocations=13 (full 3):
 PSYoungGen      total 539136K, used 0K [0x000000076b500000, 0x0000000799080000, 0x00000007c0000000)
  eden space 515584K, 0% used [0x000000076b500000,0x000000076b500000,0x000000078ac80000)
  from space 23552K, 0% used [0x0000000797980000,0x0000000797980000,0x0000000799080000)
  to   space 23040K, 0% used [0x000000078ac80000,0x000000078ac80000,0x000000078c300000)
 ParOldGen       total 118784K, used 40006K [0x00000006c1e00000, 0x00000006c9200000, 0x000000076b500000)
  object space 118784K, 33% used [0x00000006c1e00000,0x00000006c4511a20,0x00000006c9200000)
 Metaspace       used 54297K, capacity 58844K, committed 58968K, reserved 1099776K
  class space    used 7145K, capacity 7990K, committed 8064K, reserved 1048576K
}

