# JRE version: OpenJDK Runtime Environment (8.0_232-b09) (build 1.8.0_232-b09)
# Java VM: OpenJDK 64-Bit Server VM (25.232-b09 mixed mode windows-amd64 compressed oops)
Heap:
 PSYoungGen      total 280064K, used 259666K [0x000000076b500000, 0x000000077dc00000, 0x00000007c0000000)
  eden space 260096K, 99% used [0x000000076b500000,0x000000077b294a28,0x000000077b300000)
  from space 19968K, 0% used [0x000000077b300000,0x000000077b300000,0x000000077c680000)
  to   space 17920K, 0% used [0x000000077c680000,0x000000077c680000,0x000000077d800000)
 ParOldGen       total 150016K, used 27844K [0x00000006c1e00000, 0x00000006cb080000, 0x000000076b500000)
  object space 150016K, 18% used [0x00000006c1e00000,0x00000006c39310b0,0x00000006cb080000)
 Metaspace       used 62068K, capacity 67750K, committed 68056K, reserved 1107968K
  class space    used 8159K, capacity 9096K, committed 9216K, reserved 1048576K
GC Heap History (10 events):
Event: 26.932 GC heap before
{Heap before GC invocations=10 (full 1):
 PSYoungGen      total 278016K, used 41451K [0x000000076b500000, 0x000000077dc00000, 0x00000007c0000000)
  eden space 260096K, 9% used [0x000000076b500000,0x000000076cc00cc0,0x000000077b300000)
  from space 17920K, 99% used [0x000000077c680000,0x000000077d7fa188,0x000000077d800000)
  to   space 19968K, 0% used [0x000000077b300000,0x000000077b300000,0x000000077c680000)
 ParOldGen       total 94720K, used 13521K [0x00000006c1e00000, 0x00000006c7a80000, 0x000000076b500000)
  object space 94720K, 14% used [0x00000006c1e00000,0x00000006c2b34400,0x00000006c7a80000)
 Metaspace       used 34248K, capacity 35266K, committed 35416K, reserved 1081344K
  class space    used 4166K, capacity 4408K, committed 4480K, reserved 1048576K
Event: 26.940 GC heap after
Heap after GC invocations=10 (full 1):
 PSYoungGen      total 280064K, used 7058K [0x000000076b500000, 0x000000077dc00000, 0x00000007c0000000)
  eden space 260096K, 0% used [0x000000076b500000,0x000000076b500000,0x000000077b300000)
  from space 19968K, 35% used [0x000000077b300000,0x000000077b9e4840,0x000000077c680000)
  to   space 17920K, 0% used [0x000000077c680000,0x000000077c680000,0x000000077d800000)
 ParOldGen       total 94720K, used 13529K [0x00000006c1e00000, 0x00000006c7a80000, 0x000000076b500000)
  object space 94720K, 14% used [0x00000006c1e00000,0x00000006c2b36400,0x00000006c7a80000)
 Metaspace       used 34248K, capacity 35266K, committed 35416K, reserved 1081344K
  class space    used 4166K, capacity 4408K, committed 4480K, reserved 1048576K
}
Event: 26.940 GC heap before
{Heap before GC invocations=11 (full 2):
 PSYoungGen      total 280064K, used 7058K [0x000000076b500000, 0x000000077dc00000, 0x00000007c0000000)
  eden space 260096K, 0% used [0x000000076b500000,0x000000076b500000,0x000000077b300000)
  from space 19968K, 35% used [0x000000077b300000,0x000000077b9e4840,0x000000077c680000)
  to   space 17920K, 0% used [0x000000077c680000,0x000000077c680000,0x000000077d800000)
 ParOldGen       total 94720K, used 13529K [0x00000006c1e00000, 0x00000006c7a80000, 0x000000076b500000)
  object space 94720K, 14% used [0x00000006c1e00000,0x00000006c2b36400,0x00000006c7a80000)
 Metaspace       used 34248K, capacity 35266K, committed 35416K, reserved 1081344K
  class space    used 4166K, capacity 4408K, committed 4480K, reserved 1048576K
Event: 26.996 GC heap after
Heap after GC invocations=11 (full 2):
 PSYoungGen      total 280064K, used 0K [0x000000076b500000, 0x000000077dc00000, 0x00000007c0000000)
  eden space 260096K, 0% used [0x000000076b500000,0x000000076b500000,0x000000077b300000)
  from space 19968K, 0% used [0x000000077b300000,0x000000077b300000,0x000000077c680000)
  to   space 17920K, 0% used [0x000000077c680000,0x000000077c680000,0x000000077d800000)
 ParOldGen       total 113664K, used 15872K [0x00000006c1e00000, 0x00000006c8d00000, 0x000000076b500000)
  object space 113664K, 13% used [0x00000006c1e00000,0x00000006c2d80208,0x00000006c8d00000)
 Metaspace       used 34248K, capacity 35266K, committed 35416K, reserved 1081344K
  class space    used 4166K, capacity 4408K, committed 4480K, reserved 1048576K
}
Event: 34.404 GC heap before
{Heap before GC invocations=12 (full 2):
 PSYoungGen      total 280064K, used 260096K [0x000000076b500000, 0x000000077dc00000, 0x00000007c0000000)
  eden space 260096K, 100% used [0x000000076b500000,0x000000077b300000,0x000000077b300000)
  from space 19968K, 0% used [0x000000077b300000,0x000000077b300000,0x000000077c680000)
  to   space 17920K, 0% used [0x000000077c680000,0x000000077c680000,0x000000077d800000)
 ParOldGen       total 113664K, used 15872K [0x00000006c1e00000, 0x00000006c8d00000, 0x000000076b500000)
  object space 113664K, 13% used [0x00000006c1e00000,0x00000006c2d80208,0x00000006c8d00000)
 Metaspace       used 49877K, capacity 53942K, committed 54232K, reserved 1095680K
  class space    used 6606K, capacity 7361K, committed 7424K, reserved 1048576K
Event: 34.427 GC heap after
Heap after GC invocations=12 (full 2):
 PSYoungGen      total 278016K, used 17916K [0x000000076b500000, 0x000000077dc00000, 0x00000007c0000000)
  eden space 260096K, 0% used [0x000000076b500000,0x000000076b500000,0x000000077b300000)
  from space 17920K, 99% used [0x000000077c680000,0x000000077d7ff210,0x000000077d800000)
  to   space 19968K, 0% used [0x000000077b300000,0x000000077b300000,0x000000077c680000)
 ParOldGen       total 113664K, used 19289K [0x00000006c1e00000, 0x00000006c8d00000, 0x000000076b500000)
  object space 113664K, 16% used [0x00000006c1e00000,0x00000006c30d6630,0x00000006c8d00000)
 Metaspace       used 49877K, capacity 53942K, committed 54232K, reserved 1095680K
  class space    used 6606K, capacity 7361K, committed 7424K, reserved 1048576K
}
Event: 36.082 GC heap before
{Heap before GC invocations=13 (full 2):
 PSYoungGen      total 278016K, used 93680K [0x000000076b500000, 0x000000077dc00000, 0x00000007c0000000)
  eden space 260096K, 29% used [0x000000076b500000,0x000000076fefcdf0,0x000000077b300000)
  from space 17920K, 99% used [0x000000077c680000,0x000000077d7ff210,0x000000077d800000)
  to   space 19968K, 0% used [0x000000077b300000,0x000000077b300000,0x000000077c680000)
 ParOldGen       total 113664K, used 19289K [0x00000006c1e00000, 0x00000006c8d00000, 0x000000076b500000)
  object space 113664K, 16% used [0x00000006c1e00000,0x00000006c30d6630,0x00000006c8d00000)
 Metaspace       used 54297K, capacity 58850K, committed 58968K, reserved 1099776K
  class space    used 7148K, capacity 7995K, committed 8064K, reserved 1048576K
Event: 36.102 GC heap after
Heap after GC invocations=13 (full 2):
 PSYoungGen      total 280064K, used 5611K [0x000000076b500000, 0x000000077dc00000, 0x00000007c0000000)
  eden space 260096K, 0% used [0x000000076b500000,0x000000076b500000,0x000000077b300000)
  from space 19968K, 28% used [0x000000077b300000,0x000000077b87ae10,0x000000077c680000)
  to   space 17920K, 0% used [0x000000077c680000,0x000000077c680000,0x000000077d800000)
 ParOldGen       total 113664K, used 27449K [0x00000006c1e00000, 0x00000006c8d00000, 0x000000076b500000)
  object space 113664K, 24% used [0x00000006c1e00000,0x00000006c38ce7f8,0x00000006c8d00000)
 Metaspace       used 54297K, capacity 58850K, committed 58968K, reserved 1099776K
  class space    used 7148K, capacity 7995K, committed 8064K, reserved 1048576K
}
Event: 36.102 GC heap before
{Heap before GC invocations=14 (full 3):
 PSYoungGen      total 280064K, used 5611K [0x000000076b500000, 0x000000077dc00000, 0x00000007c0000000)
  eden space 260096K, 0% used [0x000000076b500000,0x000000076b500000,0x000000077b300000)
  from space 19968K, 28% used [0x000000077b300000,0x000000077b87ae10,0x000000077c680000)
  to   space 17920K, 0% used [0x000000077c680000,0x000000077c680000,0x000000077d800000)
 ParOldGen       total 113664K, used 27449K [0x00000006c1e00000, 0x00000006c8d00000, 0x000000076b500000)
  object space 113664K, 24% used [0x00000006c1e00000,0x00000006c38ce7f8,0x00000006c8d00000)
 Metaspace       used 54297K, capacity 58850K, committed 58968K, reserved 1099776K
  class space    used 7148K, capacity 7995K, committed 8064K, reserved 1048576K
Event: 36.311 GC heap after
Heap after GC invocations=14 (full 3):
 PSYoungGen      total 280064K, used 0K [0x000000076b500000, 0x000000077dc00000, 0x00000007c0000000)
  eden space 260096K, 0% used [0x000000076b500000,0x000000076b500000,0x000000077b300000)
  from space 19968K, 0% used [0x000000077b300000,0x000000077b300000,0x000000077c680000)
  to   space 17920K, 0% used [0x000000077c680000,0x000000077c680000,0x000000077d800000)
 ParOldGen       total 150016K, used 27844K [0x00000006c1e00000, 0x00000006cb080000, 0x000000076b500000)
  object space 150016K, 18% used [0x00000006c1e00000,0x00000006c39310b0,0x00000006cb080000)
 Metaspace       used 54297K, capacity 58850K, committed 58968K, reserved 1099776K
  class space    used 7148K, capacity 7995K, committed 8064K, reserved 1048576K
}

