# JRE version: OpenJDK Runtime Environment (8.0_232-b09) (build 1.8.0_232-b09)
# Java VM: OpenJDK 64-Bit Server VM (25.232-b09 mixed mode windows-amd64 compressed oops)
Heap:
 PSYoungGen      total 538112K, used 101695K [0x000000076b500000, 0x0000000799380000, 0x00000007c0000000)
  eden space 514560K, 19% used [0x000000076b500000,0x000000077184fdc0,0x000000078ab80000)
  from space 23552K, 0% used [0x000000078ab80000,0x000000078ab80000,0x000000078c280000)
  to   space 23552K, 0% used [0x0000000797c80000,0x0000000797c80000,0x0000000799380000)
 ParOldGen       total 98304K, used 15751K [0x00000006c1e00000, 0x00000006c7e00000, 0x000000076b500000)
  object space 98304K, 16% used [0x00000006c1e00000,0x00000006c2d61da8,0x00000006c7e00000)
 Metaspace       used 40266K, capacity 41612K, committed 41944K, reserved 1085440K
  class space    used 5031K, capacity 5297K, committed 5376K, reserved 1048576K
GC Heap History (10 events):
Event: 17.122 GC heap before
{Heap before GC invocations=7 (full 0):
 PSYoungGen      total 278528K, used 201876K [0x000000076b500000, 0x000000077dd00000, 0x00000007c0000000)
  eden space 260096K, 70% used [0x000000076b500000,0x00000007768791c8,0x000000077b300000)
  from space 18432K, 98% used [0x000000077c700000,0x000000077d8ac030,0x000000077d900000)
  to   space 20480K, 0% used [0x000000077b300000,0x000000077b300000,0x000000077c700000)
 ParOldGen       total 175104K, used 15082K [0x00000006c1e00000, 0x00000006cc900000, 0x000000076b500000)
  object space 175104K, 8% used [0x00000006c1e00000,0x00000006c2cba828,0x00000006cc900000)
 Metaspace       used 20657K, capacity 21168K, committed 21248K, reserved 1069056K
  class space    used 2354K, capacity 2503K, committed 2560K, reserved 1048576K
Event: 17.146 GC heap after
Heap after GC invocations=7 (full 0):
 PSYoungGen      total 280576K, used 7481K [0x000000076b500000, 0x000000078da00000, 0x00000007c0000000)
  eden space 260096K, 0% used [0x000000076b500000,0x000000076b500000,0x000000077b300000)
  from space 20480K, 36% used [0x000000077b300000,0x000000077ba4e4e0,0x000000077c700000)
  to   space 20992K, 0% used [0x000000078c580000,0x000000078c580000,0x000000078da00000)
 ParOldGen       total 175104K, used 22110K [0x00000006c1e00000, 0x00000006cc900000, 0x000000076b500000)
  object space 175104K, 12% used [0x00000006c1e00000,0x00000006c3397860,0x00000006cc900000)
 Metaspace       used 20657K, capacity 21168K, committed 21248K, reserved 1069056K
  class space    used 2354K, capacity 2503K, committed 2560K, reserved 1048576K
}
Event: 17.146 GC heap before
{Heap before GC invocations=8 (full 1):
 PSYoungGen      total 280576K, used 7481K [0x000000076b500000, 0x000000078da00000, 0x00000007c0000000)
  eden space 260096K, 0% used [0x000000076b500000,0x000000076b500000,0x000000077b300000)
  from space 20480K, 36% used [0x000000077b300000,0x000000077ba4e4e0,0x000000077c700000)
  to   space 20992K, 0% used [0x000000078c580000,0x000000078c580000,0x000000078da00000)
 ParOldGen       total 175104K, used 22110K [0x00000006c1e00000, 0x00000006cc900000, 0x000000076b500000)
  object space 175104K, 12% used [0x00000006c1e00000,0x00000006c3397860,0x00000006cc900000)
 Metaspace       used 20657K, capacity 21168K, committed 21248K, reserved 1069056K
  class space    used 2354K, capacity 2503K, committed 2560K, reserved 1048576K
Event: 17.192 GC heap after
Heap after GC invocations=8 (full 1):
 PSYoungGen      total 280576K, used 0K [0x000000076b500000, 0x000000078da00000, 0x00000007c0000000)
  eden space 260096K, 0% used [0x000000076b500000,0x000000076b500000,0x000000077b300000)
  from space 20480K, 0% used [0x000000077b300000,0x000000077b300000,0x000000077c700000)
  to   space 20992K, 0% used [0x000000078c580000,0x000000078c580000,0x000000078da00000)
 ParOldGen       total 98304K, used 11202K [0x00000006c1e00000, 0x00000006c7e00000, 0x000000076b500000)
  object space 98304K, 11% used [0x00000006c1e00000,0x00000006c28f0a38,0x00000006c7e00000)
 Metaspace       used 20657K, capacity 21168K, committed 21248K, reserved 1069056K
  class space    used 2354K, capacity 2503K, committed 2560K, reserved 1048576K
}
Event: 25.674 GC heap before
{Heap before GC invocations=9 (full 1):
 PSYoungGen      total 280576K, used 260069K [0x000000076b500000, 0x000000078da00000, 0x00000007c0000000)
  eden space 260096K, 99% used [0x000000076b500000,0x000000077b2f9678,0x000000077b300000)
  from space 20480K, 0% used [0x000000077b300000,0x000000077b300000,0x000000077c700000)
  to   space 20992K, 0% used [0x000000078c580000,0x000000078c580000,0x000000078da00000)
 ParOldGen       total 98304K, used 11202K [0x00000006c1e00000, 0x00000006c7e00000, 0x000000076b500000)
  object space 98304K, 11% used [0x00000006c1e00000,0x00000006c28f0a38,0x00000006c7e00000)
 Metaspace       used 33382K, capacity 34374K, committed 34560K, reserved 1079296K
  class space    used 4064K, capacity 4278K, committed 4352K, reserved 1048576K
Event: 25.703 GC heap after
Heap after GC invocations=9 (full 1):
 PSYoungGen      total 482304K, used 20351K [0x000000076b500000, 0x000000078d980000, 0x00000007c0000000)
  eden space 461824K, 0% used [0x000000076b500000,0x000000076b500000,0x0000000787800000)
  from space 20480K, 99% used [0x000000078c580000,0x000000078d95fcd0,0x000000078d980000)
  to   space 23552K, 0% used [0x000000078ab80000,0x000000078ab80000,0x000000078c280000)
 ParOldGen       total 98304K, used 11210K [0x00000006c1e00000, 0x00000006c7e00000, 0x000000076b500000)
  object space 98304K, 11% used [0x00000006c1e00000,0x00000006c28f2a38,0x00000006c7e00000)
 Metaspace       used 33382K, capacity 34374K, committed 34560K, reserved 1079296K
  class space    used 4064K, capacity 4278K, committed 4352K, reserved 1048576K
}
Event: 25.879 GC heap before
{Heap before GC invocations=10 (full 1):
 PSYoungGen      total 482304K, used 49475K [0x000000076b500000, 0x000000078d980000, 0x00000007c0000000)
  eden space 461824K, 6% used [0x000000076b500000,0x000000076d171228,0x0000000787800000)
  from space 20480K, 99% used [0x000000078c580000,0x000000078d95fcd0,0x000000078d980000)
  to   space 23552K, 0% used [0x000000078ab80000,0x000000078ab80000,0x000000078c280000)
 ParOldGen       total 98304K, used 11210K [0x00000006c1e00000, 0x00000006c7e00000, 0x000000076b500000)
  object space 98304K, 11% used [0x00000006c1e00000,0x00000006c28f2a38,0x00000006c7e00000)
 Metaspace       used 34262K, capacity 35242K, committed 35416K, reserved 1081344K
  class space    used 4164K, capacity 4376K, committed 4480K, reserved 1048576K
Event: 25.897 GC heap after
Heap after GC invocations=10 (full 1):
 PSYoungGen      total 538112K, used 6985K [0x000000076b500000, 0x0000000799380000, 0x00000007c0000000)
  eden space 514560K, 0% used [0x000000076b500000,0x000000076b500000,0x000000078ab80000)
  from space 23552K, 29% used [0x000000078ab80000,0x000000078b2525f8,0x000000078c280000)
  to   space 23552K, 0% used [0x0000000797c80000,0x0000000797c80000,0x0000000799380000)
 ParOldGen       total 98304K, used 11218K [0x00000006c1e00000, 0x00000006c7e00000, 0x000000076b500000)
  object space 98304K, 11% used [0x00000006c1e00000,0x00000006c28f4a38,0x00000006c7e00000)
 Metaspace       used 34262K, capacity 35242K, committed 35416K, reserved 1081344K
  class space    used 4164K, capacity 4376K, committed 4480K, reserved 1048576K
}
Event: 25.897 GC heap before
{Heap before GC invocations=11 (full 2):
 PSYoungGen      total 538112K, used 6985K [0x000000076b500000, 0x0000000799380000, 0x00000007c0000000)
  eden space 514560K, 0% used [0x000000076b500000,0x000000076b500000,0x000000078ab80000)
  from space 23552K, 29% used [0x000000078ab80000,0x000000078b2525f8,0x000000078c280000)
  to   space 23552K, 0% used [0x0000000797c80000,0x0000000797c80000,0x0000000799380000)
 ParOldGen       total 98304K, used 11218K [0x00000006c1e00000, 0x00000006c7e00000, 0x000000076b500000)
  object space 98304K, 11% used [0x00000006c1e00000,0x00000006c28f4a38,0x00000006c7e00000)
 Metaspace       used 34262K, capacity 35242K, committed 35416K, reserved 1081344K
  class space    used 4164K, capacity 4376K, committed 4480K, reserved 1048576K
Event: 25.954 GC heap after
Heap after GC invocations=11 (full 2):
 PSYoungGen      total 538112K, used 0K [0x000000076b500000, 0x0000000799380000, 0x00000007c0000000)
  eden space 514560K, 0% used [0x000000076b500000,0x000000076b500000,0x000000078ab80000)
  from space 23552K, 0% used [0x000000078ab80000,0x000000078ab80000,0x000000078c280000)
  to   space 23552K, 0% used [0x0000000797c80000,0x0000000797c80000,0x0000000799380000)
 ParOldGen       total 98304K, used 15751K [0x00000006c1e00000, 0x00000006c7e00000, 0x000000076b500000)
  object space 98304K, 16% used [0x00000006c1e00000,0x00000006c2d61da8,0x00000006c7e00000)
 Metaspace       used 34262K, capacity 35242K, committed 35416K, reserved 1081344K
  class space    used 4164K, capacity 4376K, committed 4480K, reserved 1048576K
}

