# JRE version: OpenJDK Runtime Environment (8.0_232-b09) (build 1.8.0_232-b09)
# Java VM: OpenJDK 64-Bit Server VM (25.232-b09 mixed mode windows-amd64 compressed oops)
Heap:
 PSYoungGen      total 463872K, used 60089K [0x000000076b500000, 0x0000000789b00000, 0x00000007c0000000)
  eden space 437760K, 13% used [0x000000076b500000,0x000000076efae690,0x0000000786080000)
  from space 26112K, 0% used [0x0000000787a00000,0x0000000787a00000,0x0000000789380000)
  to   space 26112K, 0% used [0x0000000786080000,0x0000000786080000,0x0000000787a00000)
 ParOldGen       total 159744K, used 25916K [0x00000006c1e00000, 0x00000006cba00000, 0x000000076b500000)
  object space 159744K, 16% used [0x00000006c1e00000,0x00000006c374f350,0x00000006cba00000)
 Metaspace       used 56682K, capacity 61576K, committed 61912K, reserved 1103872K
  class space    used 7424K, capacity 8322K, committed 8448K, reserved 1048576K
GC Heap History (10 events):
Event: 41.234 GC heap before
{Heap before GC invocations=13 (full 1):
 PSYoungGen      total 224768K, used 96742K [0x000000076b500000, 0x0000000780a80000, 0x00000007c0000000)
  eden space 205824K, 37% used [0x000000076b500000,0x00000007700fa9f0,0x0000000777e00000)
  from space 18944K, 99% used [0x0000000777e00000,0x000000077907f078,0x0000000779080000)
  to   space 21504K, 0% used [0x000000077f580000,0x000000077f580000,0x0000000780a80000)
 ParOldGen       total 95232K, used 11681K [0x00000006c1e00000, 0x00000006c7b00000, 0x000000076b500000)
  object space 95232K, 12% used [0x00000006c1e00000,0x00000006c2968748,0x00000006c7b00000)
 Metaspace       used 34260K, capacity 35234K, committed 35416K, reserved 1081344K
  class space    used 4164K, capacity 4376K, committed 4480K, reserved 1048576K
Event: 41.243 GC heap after
Heap after GC invocations=13 (full 1):
 PSYoungGen      total 327680K, used 1800K [0x000000076b500000, 0x0000000780e80000, 0x00000007c0000000)
  eden space 306176K, 0% used [0x000000076b500000,0x000000076b500000,0x000000077e000000)
  from space 21504K, 8% used [0x000000077f580000,0x000000077f742270,0x0000000780a80000)
  to   space 22016K, 0% used [0x000000077e000000,0x000000077e000000,0x000000077f580000)
 ParOldGen       total 95232K, used 17218K [0x00000006c1e00000, 0x00000006c7b00000, 0x000000076b500000)
  object space 95232K, 18% used [0x00000006c1e00000,0x00000006c2ed0940,0x00000006c7b00000)
 Metaspace       used 34260K, capacity 35234K, committed 35416K, reserved 1081344K
  class space    used 4164K, capacity 4376K, committed 4480K, reserved 1048576K
}
Event: 41.243 GC heap before
{Heap before GC invocations=14 (full 2):
 PSYoungGen      total 327680K, used 1800K [0x000000076b500000, 0x0000000780e80000, 0x00000007c0000000)
  eden space 306176K, 0% used [0x000000076b500000,0x000000076b500000,0x000000077e000000)
  from space 21504K, 8% used [0x000000077f580000,0x000000077f742270,0x0000000780a80000)
  to   space 22016K, 0% used [0x000000077e000000,0x000000077e000000,0x000000077f580000)
 ParOldGen       total 95232K, used 17218K [0x00000006c1e00000, 0x00000006c7b00000, 0x000000076b500000)
  object space 95232K, 18% used [0x00000006c1e00000,0x00000006c2ed0940,0x00000006c7b00000)
 Metaspace       used 34260K, capacity 35234K, committed 35416K, reserved 1081344K
  class space    used 4164K, capacity 4376K, committed 4480K, reserved 1048576K
Event: 41.309 GC heap after
Heap after GC invocations=14 (full 2):
 PSYoungGen      total 327680K, used 0K [0x000000076b500000, 0x0000000780e80000, 0x00000007c0000000)
  eden space 306176K, 0% used [0x000000076b500000,0x000000076b500000,0x000000077e000000)
  from space 21504K, 0% used [0x000000077f580000,0x000000077f580000,0x0000000780a80000)
  to   space 22016K, 0% used [0x000000077e000000,0x000000077e000000,0x000000077f580000)
 ParOldGen       total 120320K, used 16014K [0x00000006c1e00000, 0x00000006c9380000, 0x000000076b500000)
  object space 120320K, 13% used [0x00000006c1e00000,0x00000006c2da3b50,0x00000006c9380000)
 Metaspace       used 34260K, capacity 35234K, committed 35416K, reserved 1081344K
  class space    used 4164K, capacity 4376K, committed 4480K, reserved 1048576K
}
Event: 53.866 GC heap before
{Heap before GC invocations=15 (full 2):
 PSYoungGen      total 327680K, used 306176K [0x000000076b500000, 0x0000000780e80000, 0x00000007c0000000)
  eden space 306176K, 100% used [0x000000076b500000,0x000000077e000000,0x000000077e000000)
  from space 21504K, 0% used [0x000000077f580000,0x000000077f580000,0x0000000780a80000)
  to   space 22016K, 0% used [0x000000077e000000,0x000000077e000000,0x000000077f580000)
 ParOldGen       total 120320K, used 16014K [0x00000006c1e00000, 0x00000006c9380000, 0x000000076b500000)
  object space 120320K, 13% used [0x00000006c1e00000,0x00000006c2da3b50,0x00000006c9380000)
 Metaspace       used 52140K, capacity 56540K, committed 56664K, reserved 1097728K
  class space    used 6893K, capacity 7706K, committed 7808K, reserved 1048576K
Event: 53.910 GC heap after
Heap after GC invocations=15 (full 2):
 PSYoungGen      total 328192K, used 21992K [0x000000076b500000, 0x0000000789380000, 0x00000007c0000000)
  eden space 306176K, 0% used [0x000000076b500000,0x000000076b500000,0x000000077e000000)
  from space 22016K, 99% used [0x000000077e000000,0x000000077f57a248,0x000000077f580000)
  to   space 26112K, 0% used [0x0000000787a00000,0x0000000787a00000,0x0000000789380000)
 ParOldGen       total 120320K, used 18465K [0x00000006c1e00000, 0x00000006c9380000, 0x000000076b500000)
  object space 120320K, 15% used [0x00000006c1e00000,0x00000006c3008770,0x00000006c9380000)
 Metaspace       used 52140K, capacity 56540K, committed 56664K, reserved 1097728K
  class space    used 6893K, capacity 7706K, committed 7808K, reserved 1048576K
}
Event: 54.975 GC heap before
{Heap before GC invocations=16 (full 2):
 PSYoungGen      total 328192K, used 54568K [0x000000076b500000, 0x0000000789380000, 0x00000007c0000000)
  eden space 306176K, 10% used [0x000000076b500000,0x000000076d4d0128,0x000000077e000000)
  from space 22016K, 99% used [0x000000077e000000,0x000000077f57a248,0x000000077f580000)
  to   space 26112K, 0% used [0x0000000787a00000,0x0000000787a00000,0x0000000789380000)
 ParOldGen       total 120320K, used 18465K [0x00000006c1e00000, 0x00000006c9380000, 0x000000076b500000)
  object space 120320K, 15% used [0x00000006c1e00000,0x00000006c3008770,0x00000006c9380000)
 Metaspace       used 54322K, capacity 58854K, committed 58968K, reserved 1099776K
  class space    used 7148K, capacity 7995K, committed 8064K, reserved 1048576K
Event: 54.993 GC heap after
Heap after GC invocations=16 (full 2):
 PSYoungGen      total 463872K, used 2455K [0x000000076b500000, 0x0000000789b00000, 0x00000007c0000000)
  eden space 437760K, 0% used [0x000000076b500000,0x000000076b500000,0x0000000786080000)
  from space 26112K, 9% used [0x0000000787a00000,0x0000000787c65fe0,0x0000000789380000)
  to   space 26112K, 0% used [0x0000000786080000,0x0000000786080000,0x0000000787a00000)
 ParOldGen       total 120320K, used 27769K [0x00000006c1e00000, 0x00000006c9380000, 0x000000076b500000)
  object space 120320K, 23% used [0x00000006c1e00000,0x00000006c391e728,0x00000006c9380000)
 Metaspace       used 54322K, capacity 58854K, committed 58968K, reserved 1099776K
  class space    used 7148K, capacity 7995K, committed 8064K, reserved 1048576K
}
Event: 54.993 GC heap before
{Heap before GC invocations=17 (full 3):
 PSYoungGen      total 463872K, used 2455K [0x000000076b500000, 0x0000000789b00000, 0x00000007c0000000)
  eden space 437760K, 0% used [0x000000076b500000,0x000000076b500000,0x0000000786080000)
  from space 26112K, 9% used [0x0000000787a00000,0x0000000787c65fe0,0x0000000789380000)
  to   space 26112K, 0% used [0x0000000786080000,0x0000000786080000,0x0000000787a00000)
 ParOldGen       total 120320K, used 27769K [0x00000006c1e00000, 0x00000006c9380000, 0x000000076b500000)
  object space 120320K, 23% used [0x00000006c1e00000,0x00000006c391e728,0x00000006c9380000)
 Metaspace       used 54322K, capacity 58854K, committed 58968K, reserved 1099776K
  class space    used 7148K, capacity 7995K, committed 8064K, reserved 1048576K
Event: 55.306 GC heap after
Heap after GC invocations=17 (full 3):
 PSYoungGen      total 463872K, used 0K [0x000000076b500000, 0x0000000789b00000, 0x00000007c0000000)
  eden space 437760K, 0% used [0x000000076b500000,0x000000076b500000,0x0000000786080000)
  from space 26112K, 0% used [0x0000000787a00000,0x0000000787a00000,0x0000000789380000)
  to   space 26112K, 0% used [0x0000000786080000,0x0000000786080000,0x0000000787a00000)
 ParOldGen       total 159744K, used 25916K [0x00000006c1e00000, 0x00000006cba00000, 0x000000076b500000)
  object space 159744K, 16% used [0x00000006c1e00000,0x00000006c374f350,0x00000006cba00000)
 Metaspace       used 54322K, capacity 58854K, committed 58968K, reserved 1099776K
  class space    used 7148K, capacity 7995K, committed 8064K, reserved 1048576K
}

