# JRE version: OpenJDK Runtime Environment (8.0_232-b09) (build 1.8.0_232-b09)
# Java VM: OpenJDK 64-Bit Server VM (25.232-b09 mixed mode windows-amd64 compressed oops)
Heap:
 PSYoungGen      total 547840K, used 422575K [0x000000076b500000, 0x000000078e500000, 0x00000007c0000000)
  eden space 524288K, 80% used [0x000000076b500000,0x00000007851abf00,0x000000078b500000)
  from space 23552K, 0% used [0x000000078ce00000,0x000000078ce00000,0x000000078e500000)
  to   space 24576K, 0% used [0x000000078b500000,0x000000078b500000,0x000000078cd00000)
 ParOldGen       total 196096K, used 40176K [0x00000006c1e00000, 0x00000006cdd80000, 0x000000076b500000)
  object space 196096K, 20% used [0x00000006c1e00000,0x00000006c453c340,0x00000006cdd80000)
 Metaspace       used 73764K, capacity 80598K, committed 80728K, reserved 1120256K
  class space    used 9627K, capacity 10788K, committed 10880K, reserved 1048576K
GC Heap History (10 events):
Event: 14.835 GC heap before
{Heap before GC invocations=7 (full 1):
 PSYoungGen      total 547840K, used 13897K [0x000000076b500000, 0x000000078e500000, 0x00000007c0000000)
  eden space 524288K, 0% used [0x000000076b500000,0x000000076b500000,0x000000078b500000)
  from space 23552K, 59% used [0x000000078ce00000,0x000000078db924e0,0x000000078e500000)
  to   space 24576K, 0% used [0x000000078b500000,0x000000078b500000,0x000000078cd00000)
 ParOldGen       total 175104K, used 25276K [0x00000006c1e00000, 0x00000006cc900000, 0x000000076b500000)
  object space 175104K, 14% used [0x00000006c1e00000,0x00000006c36af020,0x00000006cc900000)
 Metaspace       used 20655K, capacity 21168K, committed 21248K, reserved 1069056K
  class space    used 2354K, capacity 2503K, committed 2560K, reserved 1048576K
Event: 14.884 GC heap after
Heap after GC invocations=7 (full 1):
 PSYoungGen      total 547840K, used 0K [0x000000076b500000, 0x000000078e500000, 0x00000007c0000000)
  eden space 524288K, 0% used [0x000000076b500000,0x000000076b500000,0x000000078b500000)
  from space 23552K, 0% used [0x000000078ce00000,0x000000078ce00000,0x000000078e500000)
  to   space 24576K, 0% used [0x000000078b500000,0x000000078b500000,0x000000078cd00000)
 ParOldGen       total 102912K, used 11576K [0x00000006c1e00000, 0x00000006c8280000, 0x000000076b500000)
  object space 102912K, 11% used [0x00000006c1e00000,0x00000006c294e260,0x00000006c8280000)
 Metaspace       used 20655K, capacity 21168K, committed 21248K, reserved 1069056K
  class space    used 2354K, capacity 2503K, committed 2560K, reserved 1048576K
}
Event: 21.312 GC heap before
{Heap before GC invocations=8 (full 1):
 PSYoungGen      total 547840K, used 292695K [0x000000076b500000, 0x000000078e500000, 0x00000007c0000000)
  eden space 524288K, 55% used [0x000000076b500000,0x000000077d2d5c30,0x000000078b500000)
  from space 23552K, 0% used [0x000000078ce00000,0x000000078ce00000,0x000000078e500000)
  to   space 24576K, 0% used [0x000000078b500000,0x000000078b500000,0x000000078cd00000)
 ParOldGen       total 102912K, used 11576K [0x00000006c1e00000, 0x00000006c8280000, 0x000000076b500000)
  object space 102912K, 11% used [0x00000006c1e00000,0x00000006c294e260,0x00000006c8280000)
 Metaspace       used 34258K, capacity 35242K, committed 35416K, reserved 1081344K
  class space    used 4166K, capacity 4376K, committed 4480K, reserved 1048576K
Event: 21.340 GC heap after
Heap after GC invocations=8 (full 1):
 PSYoungGen      total 548864K, used 21496K [0x000000076b500000, 0x000000078e500000, 0x00000007c0000000)
  eden space 524288K, 0% used [0x000000076b500000,0x000000076b500000,0x000000078b500000)
  from space 24576K, 87% used [0x000000078b500000,0x000000078c9fe3c8,0x000000078cd00000)
  to   space 23552K, 0% used [0x000000078ce00000,0x000000078ce00000,0x000000078e500000)
 ParOldGen       total 102912K, used 11584K [0x00000006c1e00000, 0x00000006c8280000, 0x000000076b500000)
  object space 102912K, 11% used [0x00000006c1e00000,0x00000006c2950260,0x00000006c8280000)
 Metaspace       used 34258K, capacity 35242K, committed 35416K, reserved 1081344K
  class space    used 4166K, capacity 4376K, committed 4480K, reserved 1048576K
}
Event: 21.341 GC heap before
{Heap before GC invocations=9 (full 2):
 PSYoungGen      total 548864K, used 21496K [0x000000076b500000, 0x000000078e500000, 0x00000007c0000000)
  eden space 524288K, 0% used [0x000000076b500000,0x000000076b500000,0x000000078b500000)
  from space 24576K, 87% used [0x000000078b500000,0x000000078c9fe3c8,0x000000078cd00000)
  to   space 23552K, 0% used [0x000000078ce00000,0x000000078ce00000,0x000000078e500000)
 ParOldGen       total 102912K, used 11584K [0x00000006c1e00000, 0x00000006c8280000, 0x000000076b500000)
  object space 102912K, 11% used [0x00000006c1e00000,0x00000006c2950260,0x00000006c8280000)
 Metaspace       used 34258K, capacity 35242K, committed 35416K, reserved 1081344K
  class space    used 4166K, capacity 4376K, committed 4480K, reserved 1048576K
Event: 21.420 GC heap after
Heap after GC invocations=9 (full 2):
 PSYoungGen      total 548864K, used 0K [0x000000076b500000, 0x000000078e500000, 0x00000007c0000000)
  eden space 524288K, 0% used [0x000000076b500000,0x000000076b500000,0x000000078b500000)
  from space 24576K, 0% used [0x000000078b500000,0x000000078b500000,0x000000078cd00000)
  to   space 23552K, 0% used [0x000000078ce00000,0x000000078ce00000,0x000000078e500000)
 ParOldGen       total 149504K, used 29277K [0x00000006c1e00000, 0x00000006cb000000, 0x000000076b500000)
  object space 149504K, 19% used [0x00000006c1e00000,0x00000006c3a975c8,0x00000006cb000000)
 Metaspace       used 34258K, capacity 35242K, committed 35416K, reserved 1081344K
  class space    used 4166K, capacity 4376K, committed 4480K, reserved 1048576K
}
Event: 30.497 GC heap before
{Heap before GC invocations=10 (full 2):
 PSYoungGen      total 548864K, used 354752K [0x000000076b500000, 0x000000078e500000, 0x00000007c0000000)
  eden space 524288K, 67% used [0x000000076b500000,0x0000000780f701f0,0x000000078b500000)
  from space 24576K, 0% used [0x000000078b500000,0x000000078b500000,0x000000078cd00000)
  to   space 23552K, 0% used [0x000000078ce00000,0x000000078ce00000,0x000000078e500000)
 ParOldGen       total 149504K, used 29277K [0x00000006c1e00000, 0x00000006cb000000, 0x000000076b500000)
  object space 149504K, 19% used [0x00000006c1e00000,0x00000006c3a975c8,0x00000006cb000000)
 Metaspace       used 54313K, capacity 58836K, committed 58968K, reserved 1099776K
  class space    used 7148K, capacity 7990K, committed 8064K, reserved 1048576K
Event: 30.546 GC heap after
Heap after GC invocations=10 (full 2):
 PSYoungGen      total 547840K, used 23547K [0x000000076b500000, 0x000000078e500000, 0x00000007c0000000)
  eden space 524288K, 0% used [0x000000076b500000,0x000000076b500000,0x000000078b500000)
  from space 23552K, 99% used [0x000000078ce00000,0x000000078e4fee88,0x000000078e500000)
  to   space 24576K, 0% used [0x000000078b500000,0x000000078b500000,0x000000078cd00000)
 ParOldGen       total 149504K, used 32449K [0x00000006c1e00000, 0x00000006cb000000, 0x000000076b500000)
  object space 149504K, 21% used [0x00000006c1e00000,0x00000006c3db07b8,0x00000006cb000000)
 Metaspace       used 54313K, capacity 58836K, committed 58968K, reserved 1099776K
  class space    used 7148K, capacity 7990K, committed 8064K, reserved 1048576K
}
Event: 30.546 GC heap before
{Heap before GC invocations=11 (full 3):
 PSYoungGen      total 547840K, used 23547K [0x000000076b500000, 0x000000078e500000, 0x00000007c0000000)
  eden space 524288K, 0% used [0x000000076b500000,0x000000076b500000,0x000000078b500000)
  from space 23552K, 99% used [0x000000078ce00000,0x000000078e4fee88,0x000000078e500000)
  to   space 24576K, 0% used [0x000000078b500000,0x000000078b500000,0x000000078cd00000)
 ParOldGen       total 149504K, used 32449K [0x00000006c1e00000, 0x00000006cb000000, 0x000000076b500000)
  object space 149504K, 21% used [0x00000006c1e00000,0x00000006c3db07b8,0x00000006cb000000)
 Metaspace       used 54313K, capacity 58836K, committed 58968K, reserved 1099776K
  class space    used 7148K, capacity 7990K, committed 8064K, reserved 1048576K
Event: 30.817 GC heap after
Heap after GC invocations=11 (full 3):
 PSYoungGen      total 547840K, used 0K [0x000000076b500000, 0x000000078e500000, 0x00000007c0000000)
  eden space 524288K, 0% used [0x000000076b500000,0x000000076b500000,0x000000078b500000)
  from space 23552K, 0% used [0x000000078ce00000,0x000000078ce00000,0x000000078e500000)
  to   space 24576K, 0% used [0x000000078b500000,0x000000078b500000,0x000000078cd00000)
 ParOldGen       total 196096K, used 40176K [0x00000006c1e00000, 0x00000006cdd80000, 0x000000076b500000)
  object space 196096K, 20% used [0x00000006c1e00000,0x00000006c453c340,0x00000006cdd80000)
 Metaspace       used 54313K, capacity 58836K, committed 58968K, reserved 1099776K
  class space    used 7148K, capacity 7990K, committed 8064K, reserved 1048576K
}

